jan.-02 09:33:50.332 [main] DEBUG nextflow.cli.Launcher - $> nextflow run main.nf
jan.-02 09:33:50.385 [main] INFO  nextflow.cli.CmdRun - N E X T F L O W  ~  version 23.09.3-edge
jan.-02 09:33:50.400 [main] DEBUG nextflow.plugin.PluginsFacade - Setting up plugin manager > mode=prod; embedded=false; plugins-dir=/Users/nnolte/.nextflow/plugins; core-plugins: nf-amazon@2.1.4,nf-azure@1.3.2,nf-cloudcache@0.3.0,nf-codecommit@0.1.5,nf-console@1.0.6,nf-ga4gh@1.1.0,nf-google@1.8.3,nf-tower@1.6.3,nf-wave@0.14.0
jan.-02 09:33:50.406 [main] INFO  o.pf4j.DefaultPluginStatusProvider - Enabled plugins: []
jan.-02 09:33:50.406 [main] INFO  o.pf4j.DefaultPluginStatusProvider - Disabled plugins: []
jan.-02 09:33:50.412 [main] INFO  org.pf4j.DefaultPluginManager - PF4J version 3.4.1 in 'deployment' mode
jan.-02 09:33:50.418 [main] INFO  org.pf4j.AbstractPluginManager - No plugins
jan.-02 09:33:50.429 [main] DEBUG nextflow.config.ConfigBuilder - Found config local: /Users/nadjanolte/NIB/my-first-nextflow-pipeline/nextflow.config
jan.-02 09:33:50.430 [main] DEBUG nextflow.config.ConfigBuilder - Parsing config file: /Users/nadjanolte/NIB/my-first-nextflow-pipeline/nextflow.config
jan.-02 09:33:50.442 [main] DEBUG nextflow.config.ConfigBuilder - Applying config profile: `standard`
jan.-02 09:33:50.749 [main] DEBUG nextflow.cli.CmdRun - Applied DSL=2 by global default
jan.-02 09:33:50.760 [main] INFO  nextflow.cli.CmdRun - Launching `main.nf` [sharp_kimura] DSL2 - revision: fdace3379e
jan.-02 09:33:50.761 [main] DEBUG nextflow.plugin.PluginsFacade - Plugins default=[]
jan.-02 09:33:50.761 [main] DEBUG nextflow.plugin.PluginsFacade - Plugins resolved requirement=[]
jan.-02 09:33:50.767 [main] DEBUG n.secret.LocalSecretsProvider - Secrets store: /Users/nnolte/.nextflow/secrets/store.json
jan.-02 09:33:50.768 [main] DEBUG nextflow.secret.SecretsLoader - Discovered secrets providers: [nextflow.secret.LocalSecretsProvider@443faa85] - activable => nextflow.secret.LocalSecretsProvider@443faa85
jan.-02 09:33:50.810 [main] DEBUG nextflow.Session - Session UUID: 57d32f54-2c15-4d72-a88f-6c74654b4c92
jan.-02 09:33:50.810 [main] DEBUG nextflow.Session - Run name: sharp_kimura
jan.-02 09:33:50.810 [main] DEBUG nextflow.Session - Executor pool size: 8
jan.-02 09:33:50.816 [main] DEBUG nextflow.file.FilePorter - File porter settings maxRetries=3; maxTransfers=50; pollTimeout=null
jan.-02 09:33:50.820 [main] DEBUG nextflow.util.ThreadPoolBuilder - Creating thread pool 'FileTransfer' minSize=10; maxSize=24; workQueue=LinkedBlockingQueue[10000]; allowCoreThreadTimeout=false
jan.-02 09:33:50.861 [main] DEBUG nextflow.cli.CmdRun - 
  Version: 23.09.3-edge build 5888
  Created: 10-10-2023 09:58 UTC (11:58 CEST)
  System: Mac OS X 11.6.2
  Runtime: Groovy 3.0.19 on OpenJDK 64-Bit Server VM 11.0.20+8-LTS
  Encoding: UTF-8 (UTF-8)
  Process: 41626@Nadjas-Air [192.168.0.113]
  CPUs: 8 - Mem: 8 GB (80.1 MB) - Swap: 2 GB (867 MB)
jan.-02 09:33:50.867 [main] DEBUG nextflow.Session - Work-dir: /Users/nadjanolte/NIB/my-first-nextflow-pipeline/work [Mac OS X]
jan.-02 09:33:50.867 [main] DEBUG nextflow.Session - Script base path does not exist or is not a directory: /Users/nadjanolte/NIB/my-first-nextflow-pipeline/bin
jan.-02 09:33:50.874 [main] DEBUG nextflow.executor.ExecutorFactory - Extension executors providers=[]
jan.-02 09:33:50.879 [main] DEBUG nextflow.Session - Observer factory: DefaultObserverFactory
jan.-02 09:33:50.888 [main] DEBUG nextflow.cache.CacheFactory - Using Nextflow cache factory: nextflow.cache.DefaultCacheFactory
jan.-02 09:33:50.895 [main] DEBUG nextflow.util.CustomThreadPool - Creating default thread pool > poolSize: 9; maxThreads: 1000
jan.-02 09:33:50.946 [main] DEBUG nextflow.Session - Session start
jan.-02 09:33:51.047 [main] DEBUG nextflow.script.ScriptRunner - > Launching execution
jan.-02 09:33:51.054 [main] INFO  nextflow.Nextflow - My first nextflow pipeline   
===================================
Hello Nadja!

jan.-02 09:33:51.110 [main] DEBUG nextflow.executor.ExecutorFactory - << taskConfig executor: null
jan.-02 09:33:51.110 [main] DEBUG nextflow.executor.ExecutorFactory - >> processorType: 'local'
jan.-02 09:33:51.114 [main] DEBUG nextflow.executor.Executor - [warm up] executor > local
jan.-02 09:33:51.117 [main] DEBUG n.processor.LocalPollingMonitor - Creating local task monitor for executor 'local' > cpus=12; memory=8 GB; capacity=8; pollInterval=100ms; dumpInterval=5m
jan.-02 09:33:51.118 [main] DEBUG n.processor.TaskPollingMonitor - >>> barrier register (monitor: local)
jan.-02 09:33:51.166 [main] DEBUG nextflow.executor.ExecutorFactory - << taskConfig executor: null
jan.-02 09:33:51.166 [main] DEBUG nextflow.executor.ExecutorFactory - >> processorType: 'local'
jan.-02 09:33:51.181 [main] DEBUG nextflow.Session - Workflow process names [dsl2]: splitSequences, reverse
jan.-02 09:33:51.182 [main] DEBUG nextflow.Session - Igniting dataflow network (2)
jan.-02 09:33:51.182 [main] DEBUG nextflow.processor.TaskProcessor - Starting process > splitSequences
jan.-02 09:33:51.182 [main] DEBUG nextflow.processor.TaskProcessor - Starting process > reverse
jan.-02 09:33:51.182 [main] DEBUG nextflow.script.ScriptRunner - Parsed script files:
  Script_12b779b35de23e66: /Users/nadjanolte/NIB/my-first-nextflow-pipeline/main.nf
jan.-02 09:33:51.182 [main] DEBUG nextflow.script.ScriptRunner - > Awaiting termination 
jan.-02 09:33:51.182 [main] DEBUG nextflow.Session - Session await
jan.-02 09:33:51.245 [Task submitter] DEBUG n.executor.local.LocalTaskHandler - Launch cmd line: /bin/bash -ue .command.run
jan.-02 09:33:51.247 [Task submitter] INFO  nextflow.Session - [5e/a399f9] Submitted process > splitSequences
jan.-02 09:33:51.292 [Task monitor] DEBUG n.processor.TaskPollingMonitor - Task completed > TaskHandler[id: 1; name: splitSequences; status: COMPLETED; exit: 0; error: -; workDir: /Users/nadjanolte/NIB/my-first-nextflow-pipeline/work/5e/a399f90a5fc23b46b150e83cf5cb7a]
jan.-02 09:33:51.310 [Task submitter] DEBUG n.executor.local.LocalTaskHandler - Launch cmd line: /bin/bash -ue .command.run
jan.-02 09:33:51.310 [Task submitter] INFO  nextflow.Session - [b4/1b0a00] Submitted process > reverse
jan.-02 09:33:51.330 [Task monitor] DEBUG n.processor.TaskPollingMonitor - Task completed > TaskHandler[id: 2; name: reverse; status: COMPLETED; exit: 0; error: -; workDir: /Users/nadjanolte/NIB/my-first-nextflow-pipeline/work/b4/1b0a00470ee605029acab129e4a506]
jan.-02 09:33:51.332 [main] DEBUG nextflow.Session - Session await > all processes finished
jan.-02 09:33:51.332 [Task monitor] DEBUG n.processor.TaskPollingMonitor - <<< barrier arrives (monitor: local) - terminating tasks monitor poll loop
jan.-02 09:33:51.332 [main] DEBUG nextflow.Session - Session await > all barriers passed
jan.-02 09:33:51.337 [main] DEBUG n.trace.WorkflowStatsObserver - Workflow completed > WorkflowStats[succeededCount=2; failedCount=0; ignoredCount=0; cachedCount=0; pendingCount=0; submittedCount=0; runningCount=0; retriesCount=0; abortedCount=0; succeedDuration=1ms; failedDuration=0ms; cachedDuration=0ms;loadCpus=0; loadMemory=0; peakRunning=1; peakCpus=1; peakMemory=0; ]
jan.-02 09:33:51.396 [main] DEBUG nextflow.cache.CacheDB - Closing CacheDB done
jan.-02 09:33:51.404 [main] DEBUG nextflow.util.ThreadPoolManager - Thread pool 'FileTransfer' shutdown completed (hard=false)
jan.-02 09:33:51.404 [main] DEBUG nextflow.script.ScriptRunner - > Execution complete -- Goodbye
